2013-10-01 00:52:00 [INFO] 
Array
(
    [QUERY_STRING] => agency_cd=3014&r=https://my.pointy.jp/myorder/OrderApply/addContractor
    [HTTP_REFERER] => http://www.tv-tokyo.co.jp/pointy/
    [REMOTE_ADDR] => 59.136.102.228
    [HTTP_USER_AGENT] => Mozilla/5.0 (Windows NT 6.1; rv:23.0) Gecko/20100101 Firefox/23.0
    [COKKIE_WRITE_STATUS] => OK
    [COKKIE_WRITE_CONTENTS] => Array
        (
            [KEY] => agency_cd
            [VAL] => 3014
            [EXP] => Mon 30 Dec 2013 12:52:00 Asia/Tokyo
            [DOM] => pointy.jp
        )

    [get_headers] => 
    [REDIRECT_URL] => https://my.pointy.jp/myorder/OrderApply/addContractor
)

2013-10-01 05:43:58 [INFO] 
Array
(
    [QUERY_STRING] => agency_cd=3013&r=https://my.pointy.jp/myorder/OrderApply/addContractor
    [REMOTE_ADDR] => 5.10.83.22
    [HTTP_USER_AGENT] => Mozilla/5.0 (compatible; AhrefsBot/5.0; +http://ahrefs.com/robot/)
    [COKKIE_WRITE_STATUS] => OK
    [COKKIE_WRITE_CONTENTS] => Array
        (
            [KEY] => agency_cd
            [VAL] => 3013
            [EXP] => Mon 30 Dec 2013 05:43:58 Asia/Tokyo
            [DOM] => pointy.jp
        )

    [get_headers] => 
    [REDIRECT_URL] => https://my.pointy.jp/myorder/OrderApply/addContractor
)

2013-10-01 09:48:39 [INFO] 
Array
(
    [QUERY_STRING] => agency_cd=3013&r=https://my.pointy.jp/myorder/OrderApply/addContractor
    [HTTP_REFERER] => http://www.lancers.jp/landingpage/pointy/pointy.html
    [REMOTE_ADDR] => 183.77.213.196
    [HTTP_USER_AGENT] => Mozilla/5.0 (Windows NT 6.1; WOW64) AppleWebKit/537.36 (KHTML, like Gecko) Chrome/29.0.1547.76 Safari/537.36
    [COKKIE_SETTINGS] => agency_cd=3013
    [get_headers] => 
    [REDIRECT_URL] => https://my.pointy.jp/myorder/OrderApply/addContractor
)

2013-10-01 11:47:24 [INFO] 
Array
(
    [QUERY_STRING] => agency_cd=3014&r=https://my.pointy.jp/myorder/OrderApply/addContractor
    [HTTP_REFERER] => http://www.tv-tokyo.co.jp/pointy/
    [REMOTE_ADDR] => 119.243.97.75
    [HTTP_USER_AGENT] => Mozilla/5.0 (iPad; CPU OS 6_1_3 like Mac OS X) AppleWebKit/536.26 (KHTML, like Gecko) Version/6.0 Mobile/10B329 Safari/8536.25
    [COKKIE_WRITE_STATUS] => OK
    [COKKIE_WRITE_CONTENTS] => Array
        (
            [KEY] => agency_cd
            [VAL] => 3014
            [EXP] => Mon 30 Dec 2013 11:47:24 Asia/Tokyo
            [DOM] => pointy.jp
        )

    [get_headers] => 
    [REDIRECT_URL] => https://my.pointy.jp/myorder/OrderApply/addContractor
)

2013-10-01 22:03:19 [INFO] 
Array
(
    [QUERY_STRING] => agency_cd=3014&r=http://www.pointy.jp/point/
    [REMOTE_ADDR] => 66.249.77.80
    [HTTP_USER_AGENT] => Mozilla/5.0 (iPhone; U; CPU iPhone OS 4_1 like Mac OS X; en-us) AppleWebKit/532.9 (KHTML, like Gecko) Version/4.0.5 Mobile/8B117 Safari/6531.22.7 (compatible; Googlebot-Mobile/2.1; +http://www.google.com/bot.html)
    [COKKIE_WRITE_STATUS] => OK
    [COKKIE_WRITE_CONTENTS] => Array
        (
            [KEY] => agency_cd
            [VAL] => 3014
            [EXP] => Mon 30 Dec 2013 10:03:19 Asia/Tokyo
            [DOM] => pointy.jp
        )

    [get_headers] => Array
        (
            [0] => HTTP/1.1 200 OK
            [1] => Date: Tue, 01 Oct 2013 13:03:19 GMT
            [2] => Server: Apache/2.2.15 (CentOS)
            [3] => Last-Modified: Fri, 13 Sep 2013 13:03:50 GMT
            [4] => ETag: "180156-308f-4e6437c579d5e"
            [5] => Accept-Ranges: bytes
            [6] => Content-Length: 12431
            [7] => Connection: close
            [8] => Content-Type: text/html; charset=nl
        )

    [REDIRECT_URL] => http://www.pointy.jp/point/
)

2013-10-03 10:08:43 [INFO] 
Array
(
    [QUERY_STRING] => agency_cd=3014&r=https://my.pointy.jp/myorder/OrderApply/addContractor
    [HTTP_REFERER] => http://www.tv-tokyo.co.jp/pointy/
    [REMOTE_ADDR] => 218.251.61.50
    [HTTP_USER_AGENT] => Mozilla/5.0 (compatible; MSIE 10.0; Windows NT 6.1; WOW64; Trident/6.0)
    [COKKIE_WRITE_STATUS] => OK
    [COKKIE_WRITE_CONTENTS] => Array
        (
            [KEY] => agency_cd
            [VAL] => 3014
            [EXP] => Wed 01 Jan 2014 10:08:43 Asia/Tokyo
            [DOM] => pointy.jp
        )

    [get_headers] => 
    [REDIRECT_URL] => https://my.pointy.jp/myorder/OrderApply/addContractor
)

2013-10-04 12:31:48 [INFO] 
Array
(
    [QUERY_STRING] => agency_cd=3014&r=https://my.pointy.jp/myorder/OrderApply/addContractor
    [REMOTE_ADDR] => 183.74.198.192
    [HTTP_USER_AGENT] => Mozilla/5.0 (Linux; U; Android 4.1.2; ja-jp; SonySO-05D Build/9.1.C.1.103) AppleWebKit/534.30 (KHTML, like Gecko) Version/4.0 Mobile Safari/534.30
    [COKKIE_SETTINGS] => agency_cd=3014
    [get_headers] => 
    [REDIRECT_URL] => https://my.pointy.jp/myorder/OrderApply/addContractor
)

2013-10-04 13:34:01 [INFO] 
Array
(
    [QUERY_STRING] => agency_cd=3014&r=https://my.pointy.jp/myorder/OrderApply/addContractor
    [REMOTE_ADDR] => 183.74.198.192
    [HTTP_USER_AGENT] => Mozilla/5.0 (Linux; U; Android 4.1.2; ja-jp; SonySO-05D Build/9.1.C.1.103) AppleWebKit/534.30 (KHTML, like Gecko) Version/4.0 Mobile Safari/534.30
    [COKKIE_SETTINGS] => agency_cd=3014
    [get_headers] => 
    [REDIRECT_URL] => https://my.pointy.jp/myorder/OrderApply/addContractor
)

2013-10-05 09:27:32 [INFO] 
Array
(
    [QUERY_STRING] => agency_cd=3014&r=https://my.pointy.jp/myorder/OrderApply/addContractor
    [HTTP_REFERER] => http://www.tv-tokyo.co.jp/pointy/
    [REMOTE_ADDR] => 182.250.55.189
    [HTTP_USER_AGENT] => Mozilla/5.0 (Linux; U; Android 4.0.4; ja-jp; KYL21 Build/019.0.3b00) AppleWebKit/534.30 (KHTML, like Gecko) Version/4.0 Mobile Safari/534.30
    [COKKIE_WRITE_STATUS] => OK
    [COKKIE_WRITE_CONTENTS] => Array
        (
            [KEY] => agency_cd
            [VAL] => 3014
            [EXP] => Fri 03 Jan 2014 09:27:32 Asia/Tokyo
            [DOM] => pointy.jp
        )

    [get_headers] => 
    [REDIRECT_URL] => https://my.pointy.jp/myorder/OrderApply/addContractor
)

2013-10-05 11:46:05 [INFO] 
Array
(
    [QUERY_STRING] => agency_cd=3014&r=https://my.pointy.jp/myorder/OrderApply/addContractor
    [REMOTE_ADDR] => 182.250.58.75
    [HTTP_USER_AGENT] => Mozilla/5.0 (Linux; U; Android 4.0.4; ja-jp; KYL21 Build/019.0.3b00) AppleWebKit/534.30 (KHTML, like Gecko) Version/4.0 Mobile Safari/534.30
    [COKKIE_SETTINGS] => agency_cd=3014
    [get_headers] => 
    [REDIRECT_URL] => https://my.pointy.jp/myorder/OrderApply/addContractor
)

2013-10-05 19:21:05 [INFO] 
Array
(
    [QUERY_STRING] => agency_cd=3014&r=https://my.pointy.jp/myorder/OrderApply/addContractor
    [REMOTE_ADDR] => 182.250.41.185
    [HTTP_USER_AGENT] => Mozilla/5.0 (Linux; U; Android 4.0.4; ja-jp; KYL21 Build/019.0.3b00) AppleWebKit/534.30 (KHTML, like Gecko) Version/4.0 Mobile Safari/534.30
    [COKKIE_SETTINGS] => agency_cd=3014
    [get_headers] => 
    [REDIRECT_URL] => https://my.pointy.jp/myorder/OrderApply/addContractor
)

2013-10-08 09:55:23 [INFO] 
Array
(
    [QUERY_STRING] => agency_cd=3014&r=https://my.pointy.jp/myorder/OrderApply/addContractor
    [HTTP_REFERER] => http://www.tv-tokyo.co.jp/pointy/
    [REMOTE_ADDR] => 106.188.9.75
    [HTTP_USER_AGENT] => Mozilla/5.0 (compatible; MSIE 10.0; Windows NT 6.1; WOW64; Trident/6.0; BOIE9;JAJP)
    [COKKIE_WRITE_STATUS] => OK
    [COKKIE_WRITE_CONTENTS] => Array
        (
            [KEY] => agency_cd
            [VAL] => 3014
            [EXP] => Mon 06 Jan 2014 09:55:23 Asia/Tokyo
            [DOM] => pointy.jp
        )

    [get_headers] => 
    [REDIRECT_URL] => https://my.pointy.jp/myorder/OrderApply/addContractor
)

2013-10-09 12:40:10 [INFO] 
Array
(
    [QUERY_STRING] => agency_cd=3013&r=https://my.pointy.jp/myorder/OrderApply/addContractor
    [HTTP_REFERER] => http://www.lancers.jp/landingpage/pointy/pointy.html
    [REMOTE_ADDR] => 182.249.90.18
    [HTTP_USER_AGENT] => Mozilla/5.0 (Windows NT 6.1; WOW64) AppleWebKit/537.36 (KHTML, like Gecko) Chrome/30.0.1599.69 Safari/537.36
    [COKKIE_WRITE_STATUS] => OK
    [COKKIE_WRITE_CONTENTS] => Array
        (
            [KEY] => agency_cd
            [VAL] => 3013
            [EXP] => Tue 07 Jan 2014 12:40:10 Asia/Tokyo
            [DOM] => pointy.jp
        )

    [get_headers] => 
    [REDIRECT_URL] => https://my.pointy.jp/myorder/OrderApply/addContractor
)

2013-10-10 10:41:44 [INFO] 
Array
(
    [QUERY_STRING] => agency_cd=3014&r=https://my.pointy.jp/myorder/OrderApply/addContractor
    [HTTP_REFERER] => http://www.tv-tokyo.co.jp/pointy/
    [REMOTE_ADDR] => 139.210.36.250
    [HTTP_USER_AGENT] => Mozilla/5.0 (compatible; MSIE 9.0; Windows NT 6.1; Win64; x64; Trident/5.0)
    [COKKIE_WRITE_STATUS] => OK
    [COKKIE_WRITE_CONTENTS] => Array
        (
            [KEY] => agency_cd
            [VAL] => 3014
            [EXP] => Wed 08 Jan 2014 10:41:44 Asia/Tokyo
            [DOM] => pointy.jp
        )

    [get_headers] => 
    [REDIRECT_URL] => https://my.pointy.jp/myorder/OrderApply/addContractor
)

2013-10-12 01:33:24 [INFO] 
Array
(
    [QUERY_STRING] => agency_cd=3013&r=https://my.pointy.jp/myorder/OrderApply/addContractor
    [HTTP_REFERER] => http://www.lancers.jp/landingpage/pointy/pointy.html
    [REMOTE_ADDR] => 121.108.9.209
    [HTTP_USER_AGENT] => Mozilla/5.0 (Windows NT 5.1; rv:24.0) Gecko/20100101 Firefox/24.0
    [COKKIE_WRITE_STATUS] => OK
    [COKKIE_WRITE_CONTENTS] => Array
        (
            [KEY] => agency_cd
            [VAL] => 3013
            [EXP] => Fri 10 Jan 2014 01:33:24 Asia/Tokyo
            [DOM] => pointy.jp
        )

    [get_headers] => 
    [REDIRECT_URL] => https://my.pointy.jp/myorder/OrderApply/addContractor
)

2013-10-12 08:09:26 [INFO] 
Array
(
    [QUERY_STRING] => agency_cd=3014&r=https://my.pointy.jp/myorder/OrderApply/addContractor
    [HTTP_REFERER] => http://www.tv-tokyo.co.jp/pointy/
    [REMOTE_ADDR] => 182.249.18.140
    [HTTP_USER_AGENT] => Mozilla/5.0 (Linux; U; Android 2.3.3; ja-jp; INFOBAR A01 Build/S8020) AppleWebKit/533.1 (KHTML, like Gecko) Version/4.0 Mobile Safari/533.1
    [COKKIE_WRITE_STATUS] => OK
    [COKKIE_WRITE_CONTENTS] => Array
        (
            [KEY] => agency_cd
            [VAL] => 3014
            [EXP] => Fri 10 Jan 2014 08:09:26 Asia/Tokyo
            [DOM] => pointy.jp
        )

    [get_headers] => 
    [REDIRECT_URL] => https://my.pointy.jp/myorder/OrderApply/addContractor
)

2013-10-12 08:10:31 [INFO] 
Array
(
    [QUERY_STRING] => agency_cd=3014&r=https://my.pointy.jp/myorder/OrderApply/addContractor
    [HTTP_REFERER] => http://www.tv-tokyo.co.jp/pointy/
    [REMOTE_ADDR] => 182.249.18.140
    [HTTP_USER_AGENT] => Mozilla/5.0 (Linux; U; Android 2.3.3; ja-jp; INFOBAR A01 Build/S8020) AppleWebKit/533.1 (KHTML, like Gecko) Version/4.0 Mobile Safari/533.1
    [COKKIE_SETTINGS] => agency_cd=3014
    [get_headers] => 
    [REDIRECT_URL] => https://my.pointy.jp/myorder/OrderApply/addContractor
)

2013-10-12 09:09:19 [INFO] 
Array
(
    [QUERY_STRING] => agency_cd=3014&r=https://my.pointy.jp/myorder/OrderApply/addContractor
    [HTTP_REFERER] => http://www.tv-tokyo.co.jp/pointy/
    [REMOTE_ADDR] => 126.204.43.250
    [HTTP_USER_AGENT] => Mozilla/5.0 (Linux; U; Android 4.0.4; ja-jp; 201HW Build/HuaweiU9201L) AppleWebKit/534.30 (KHTML, like Gecko) Version/4.0 Mobile Safari/534.30
    [COKKIE_WRITE_STATUS] => OK
    [COKKIE_WRITE_CONTENTS] => Array
        (
            [KEY] => agency_cd
            [VAL] => 3014
            [EXP] => Fri 10 Jan 2014 09:09:19 Asia/Tokyo
            [DOM] => pointy.jp
        )

    [get_headers] => 
    [REDIRECT_URL] => https://my.pointy.jp/myorder/OrderApply/addContractor
)

2013-10-13 00:07:13 [INFO] 
Array
(
    [QUERY_STRING] => agency_cd=3014&r=https://my.pointy.jp/myorder/OrderApply/addContractor
    [HTTP_REFERER] => http://www.tv-tokyo.co.jp/pointy/
    [REMOTE_ADDR] => 114.176.229.205
    [HTTP_USER_AGENT] => Mozilla/5.0 (iPhone; CPU iPhone OS 7_0_2 like Mac OS X) AppleWebKit/537.51.1 (KHTML, like Gecko) Version/7.0 Mobile/11A501 Safari/9537.53
    [COKKIE_WRITE_STATUS] => OK
    [COKKIE_WRITE_CONTENTS] => Array
        (
            [KEY] => agency_cd
            [VAL] => 3014
            [EXP] => Sat 11 Jan 2014 12:07:13 Asia/Tokyo
            [DOM] => pointy.jp
        )

    [get_headers] => 
    [REDIRECT_URL] => https://my.pointy.jp/myorder/OrderApply/addContractor
)

2013-10-13 00:07:31 [INFO] 
Array
(
    [QUERY_STRING] => agency_cd=3014&r=https://my.pointy.jp/myorder/OrderApply/addContractor
    [HTTP_REFERER] => http://www.tv-tokyo.co.jp/pointy/
    [REMOTE_ADDR] => 114.176.229.205
    [HTTP_USER_AGENT] => Mozilla/5.0 (iPhone; CPU iPhone OS 7_0_2 like Mac OS X) AppleWebKit/537.51.1 (KHTML, like Gecko) Version/7.0 Mobile/11A501 Safari/9537.53
    [COKKIE_SETTINGS] => agency_cd=3014
    [get_headers] => 
    [REDIRECT_URL] => https://my.pointy.jp/myorder/OrderApply/addContractor
)

2013-10-13 22:58:52 [INFO] 
Array
(
    [QUERY_STRING] => agency_cd=3014&r=https://my.pointy.jp/myorder/OrderApply/addContractor
    [HTTP_REFERER] => http://www.tv-tokyo.co.jp/pointy/
    [REMOTE_ADDR] => 121.114.165.36
    [HTTP_USER_AGENT] => Mozilla/5.0 (compatible; MSIE 10.0; Windows NT 6.1; Trident/6.0)
    [COKKIE_WRITE_STATUS] => OK
    [COKKIE_WRITE_CONTENTS] => Array
        (
            [KEY] => agency_cd
            [VAL] => 3014
            [EXP] => Sat 11 Jan 2014 10:58:52 Asia/Tokyo
            [DOM] => pointy.jp
        )

    [get_headers] => 
    [REDIRECT_URL] => https://my.pointy.jp/myorder/OrderApply/addContractor
)

2013-10-14 06:13:41 [INFO] 
Array
(
    [QUERY_STRING] => agency_cd=3014&r=https://my.pointy.jp/myorder/OrderApply/addContractor
    [HTTP_REFERER] => http://www.tv-tokyo.co.jp/pointy/
    [REMOTE_ADDR] => 124.96.209.135
    [HTTP_USER_AGENT] => Mozilla/4.0 (compatible; MSIE 8.0; Windows NT 5.1; Trident/4.0; BTRS98653; GTB7.5; .NET CLR 1.1.4322)
    [COKKIE_WRITE_STATUS] => OK
    [COKKIE_WRITE_CONTENTS] => Array
        (
            [KEY] => agency_cd
            [VAL] => 3014
            [EXP] => Sun 12 Jan 2014 06:13:41 Asia/Tokyo
            [DOM] => pointy.jp
        )

    [get_headers] => 
    [REDIRECT_URL] => https://my.pointy.jp/myorder/OrderApply/addContractor
)

2013-10-17 11:08:29 [INFO] 
Array
(
    [QUERY_STRING] => agency_cd=3013&r=https://my.pointy.jp/myorder/OrderApply/addContractor
    [HTTP_REFERER] => http://www.lancers.jp/landingpage/pointy/pointy.html
    [REMOTE_ADDR] => 59.158.235.11
    [HTTP_USER_AGENT] => Mozilla/5.0 (Macintosh; Intel Mac OS X 10_8_4) AppleWebKit/537.36 (KHTML, like Gecko) Chrome/32.0.1664.0 Safari/537.36
    [COKKIE_WRITE_STATUS] => OK
    [COKKIE_WRITE_CONTENTS] => Array
        (
            [KEY] => agency_cd
            [VAL] => 3013
            [EXP] => Wed 15 Jan 2014 11:08:29 Asia/Tokyo
            [DOM] => pointy.jp
        )

    [get_headers] => 
    [REDIRECT_URL] => https://my.pointy.jp/myorder/OrderApply/addContractor
)

2013-10-18 16:35:48 [INFO] 
Array
(
    [QUERY_STRING] => agency_cd=3014&r=https://my.pointy.jp/myorder/OrderApply/addContractor
    [HTTP_REFERER] => http://www.tv-tokyo.co.jp/pointy/
    [REMOTE_ADDR] => 61.210.251.6
    [HTTP_USER_AGENT] => Mozilla/5.0 (compatible; MSIE 9.0; Windows NT 6.1; Trident/5.0)
    [COKKIE_WRITE_STATUS] => OK
    [COKKIE_WRITE_CONTENTS] => Array
        (
            [KEY] => agency_cd
            [VAL] => 3014
            [EXP] => Thu 16 Jan 2014 04:35:48 Asia/Tokyo
            [DOM] => pointy.jp
        )

    [get_headers] => 
    [REDIRECT_URL] => https://my.pointy.jp/myorder/OrderApply/addContractor
)

2013-10-19 11:15:30 [INFO] 
Array
(
    [QUERY_STRING] => agency_cd=3014&r=https://my.pointy.jp/myorder/OrderApply/addContractor
    [HTTP_REFERER] => http://www.tv-tokyo.co.jp/pointy/
    [REMOTE_ADDR] => 180.46.98.163
    [HTTP_USER_AGENT] => Mozilla/5.0 (Windows NT 6.2; WOW64) AppleWebKit/537.36 (KHTML, like Gecko) Chrome/30.0.1599.101 Safari/537.36
    [COKKIE_WRITE_STATUS] => OK
    [COKKIE_WRITE_CONTENTS] => Array
        (
            [KEY] => agency_cd
            [VAL] => 3014
            [EXP] => Fri 17 Jan 2014 11:15:30 Asia/Tokyo
            [DOM] => pointy.jp
        )

    [get_headers] => 
    [REDIRECT_URL] => https://my.pointy.jp/myorder/OrderApply/addContractor
)

2013-10-22 19:14:04 [INFO] 
Array
(
    [QUERY_STRING] => agency_cd=3014&r=https://my.pointy.jp/myorder/OrderApply/addContractor
    [HTTP_REFERER] => http://www.tv-tokyo.co.jp/pointy/
    [REMOTE_ADDR] => 210.133.104.12
    [HTTP_USER_AGENT] => Mozilla/5.0 (Windows NT 5.1; rv:16.0) Gecko/20100101 Firefox/16.0
    [COKKIE_SETTINGS] => agency_cd=3013
    [get_headers] => 
    [REDIRECT_URL] => https://my.pointy.jp/myorder/OrderApply/addContractor
)

2013-10-22 20:51:08 [INFO] 
Array
(
    [QUERY_STRING] => agency_cd=3014&r=https://my.pointy.jp/myorder/OrderApply/addContractor
    [HTTP_REFERER] => http://www.tv-tokyo.co.jp/pointy/
    [REMOTE_ADDR] => 114.161.36.3
    [HTTP_USER_AGENT] => Mozilla/4.0 (compatible; MSIE 7.0; Windows NT 6.1; Trident/5.0; SLCC2; .NET CLR 2.0.50727; .NET CLR 3.5.30729; .NET CLR 3.0.30729; Media Center PC 6.0; .NET4.0C; .NET4.0E; YJTH3; Avant Browser)
    [COKKIE_WRITE_STATUS] => OK
    [COKKIE_WRITE_CONTENTS] => Array
        (
            [KEY] => agency_cd
            [VAL] => 3014
            [EXP] => Mon 20 Jan 2014 08:51:08 Asia/Tokyo
            [DOM] => pointy.jp
        )

    [get_headers] => 
    [REDIRECT_URL] => https://my.pointy.jp/myorder/OrderApply/addContractor
)

2013-10-22 21:02:49 [INFO] 
Array
(
    [QUERY_STRING] => agency_cd=3014&r=https://my.pointy.jp/myorder/OrderApply/addContractor
    [HTTP_REFERER] => http://www.tv-tokyo.co.jp/pointy/
    [REMOTE_ADDR] => 111.90.99.3
    [HTTP_USER_AGENT] => Mozilla/5.0 (compatible; MSIE 10.0; Windows NT 6.1; Trident/6.0; EIE10;JAJPMSN; YTB730)
    [COKKIE_WRITE_STATUS] => OK
    [COKKIE_WRITE_CONTENTS] => Array
        (
            [KEY] => agency_cd
            [VAL] => 3014
            [EXP] => Mon 20 Jan 2014 09:02:49 Asia/Tokyo
            [DOM] => pointy.jp
        )

    [get_headers] => 
    [REDIRECT_URL] => https://my.pointy.jp/myorder/OrderApply/addContractor
)

2013-10-23 01:08:10 [INFO] 
Array
(
    [QUERY_STRING] => agency_cd=3014&r=https://my.pointy.jp/myorder/OrderApply/addContractor
    [HTTP_REFERER] => http://www.tv-tokyo.co.jp/pointy/
    [REMOTE_ADDR] => 118.7.221.75
    [HTTP_USER_AGENT] => Mozilla/5.0 (compatible; MSIE 10.0; Windows NT 6.1; WOW64; Trident/6.0)
    [COKKIE_WRITE_STATUS] => OK
    [COKKIE_WRITE_CONTENTS] => Array
        (
            [KEY] => agency_cd
            [VAL] => 3014
            [EXP] => Tue 21 Jan 2014 01:08:10 Asia/Tokyo
            [DOM] => pointy.jp
        )

    [get_headers] => 
    [REDIRECT_URL] => https://my.pointy.jp/myorder/OrderApply/addContractor
)

2013-10-24 13:17:02 [INFO] 
Array
(
    [QUERY_STRING] => agency_cd=3013&r=https://my.pointy.jp/myorder/OrderApply/addContractor
    [HTTP_REFERER] => http://www.lancers.jp/landingpage/pointy/pointy.html
    [REMOTE_ADDR] => 183.77.213.196
    [HTTP_USER_AGENT] => Mozilla/5.0 (Windows NT 6.1; WOW64) AppleWebKit/537.36 (KHTML, like Gecko) Chrome/30.0.1599.101 Safari/537.36
    [COKKIE_WRITE_STATUS] => OK
    [COKKIE_WRITE_CONTENTS] => Array
        (
            [KEY] => agency_cd
            [VAL] => 3013
            [EXP] => Wed 22 Jan 2014 01:17:02 Asia/Tokyo
            [DOM] => pointy.jp
        )

    [get_headers] => 
    [REDIRECT_URL] => https://my.pointy.jp/myorder/OrderApply/addContractor
)

2013-10-26 18:13:21 [INFO] 
Array
(
    [QUERY_STRING] => agency_cd=3014&r=https://my.pointy.jp/myorder/OrderApply/addContractor
    [HTTP_REFERER] => http://www.tv-tokyo.co.jp/pointy/
    [REMOTE_ADDR] => 222.150.12.19
    [HTTP_USER_AGENT] => Mozilla/5.0 (iPad; CPU OS 7_0_3 like Mac OS X) AppleWebKit/537.51.1 (KHTML, like Gecko) Version/7.0 Mobile/11B511 Safari/9537.53
    [COKKIE_WRITE_STATUS] => OK
    [COKKIE_WRITE_CONTENTS] => Array
        (
            [KEY] => agency_cd
            [VAL] => 3014
            [EXP] => Fri 24 Jan 2014 06:13:21 Asia/Tokyo
            [DOM] => pointy.jp
        )

    [get_headers] => 
    [REDIRECT_URL] => https://my.pointy.jp/myorder/OrderApply/addContractor
)

2013-10-28 14:31:33 [INFO] 
Array
(
    [QUERY_STRING] => agency_cd=3014&r=https://my.pointy.jp/myorder/OrderApply/addContractor
    [HTTP_REFERER] => http://www.tv-tokyo.co.jp/pointy/
    [REMOTE_ADDR] => 126.123.240.82
    [HTTP_USER_AGENT] => Mozilla/5.0 (Windows NT 5.1) AppleWebKit/537.36 (KHTML, like Gecko) Chrome/30.0.1599.101 Safari/537.36
    [COKKIE_WRITE_STATUS] => OK
    [COKKIE_WRITE_CONTENTS] => Array
        (
            [KEY] => agency_cd
            [VAL] => 3014
            [EXP] => Sun 26 Jan 2014 02:31:33 Asia/Tokyo
            [DOM] => pointy.jp
        )

    [get_headers] => 
    [REDIRECT_URL] => https://my.pointy.jp/myorder/OrderApply/addContractor
)

2013-10-30 02:09:37 [INFO] 
Array
(
    [QUERY_STRING] => agency_cd=3014&r=https://my.pointy.jp/myorder/OrderApply/addContractor
    [HTTP_REFERER] => http://www.tv-tokyo.co.jp/pointy/
    [REMOTE_ADDR] => 182.249.44.104
    [HTTP_USER_AGENT] => Mozilla/5.0 (Linux; U; Android 4.0.3; ja-jp; URBANO PROGRESSO Build/011.0.3100) AppleWebKit/534.30 (KHTML, like Gecko) Version/4.0 Mobile Safari/534.30
    [COKKIE_WRITE_STATUS] => OK
    [COKKIE_WRITE_CONTENTS] => Array
        (
            [KEY] => agency_cd
            [VAL] => 3014
            [EXP] => Tue 28 Jan 2014 02:09:37 Asia/Tokyo
            [DOM] => pointy.jp
        )

    [get_headers] => 
    [REDIRECT_URL] => https://my.pointy.jp/myorder/OrderApply/addContractor
)

2013-10-30 02:36:46 [INFO] 
Array
(
    [QUERY_STRING] => agency_cd=3014&r=https://my.pointy.jp/myorder/OrderApply/addContractor
    [REMOTE_ADDR] => 182.249.44.104
    [HTTP_USER_AGENT] => Mozilla/5.0 (Linux; U; Android 4.0.3; ja-jp; URBANO PROGRESSO Build/011.0.3100) AppleWebKit/534.30 (KHTML, like Gecko) Version/4.0 Mobile Safari/534.30
    [COKKIE_SETTINGS] => agency_cd=3014
    [get_headers] => 
    [REDIRECT_URL] => https://my.pointy.jp/myorder/OrderApply/addContractor
)

2013-10-31 18:17:14 [INFO] 
Array
(
    [QUERY_STRING] => agency_cd=3013&r=https://my.pointy.jp/myorder/OrderApply/addContractor
    [HTTP_REFERER] => http://www.lancers.jp/landingpage/pointy/pointy.html
    [REMOTE_ADDR] => 180.2.234.69
    [HTTP_USER_AGENT] => Mozilla/5.0 (Windows NT 6.1) AppleWebKit/537.36 (KHTML, like Gecko) Chrome/30.0.1599.101 Safari/537.36
    [COKKIE_WRITE_STATUS] => OK
    [COKKIE_WRITE_CONTENTS] => Array
        (
            [KEY] => agency_cd
            [VAL] => 3013
            [EXP] => Wed 29 Jan 2014 06:17:14 Asia/Tokyo
            [DOM] => pointy.jp
        )

    [get_headers] => 
    [REDIRECT_URL] => https://my.pointy.jp/myorder/OrderApply/addContractor
)

2013-10-31 21:43:57 [INFO] 
Array
(
    [QUERY_STRING] => agency_cd=3014&r=https://my.pointy.jp/myorder/OrderApply/addContractor
    [HTTP_REFERER] => http://www.tv-tokyo.co.jp/pointy/
    [REMOTE_ADDR] => 180.1.93.178
    [HTTP_USER_AGENT] => Mozilla/5.0 (Windows NT 6.1; WOW64) AppleWebKit/537.36 (KHTML, like Gecko) Chrome/30.0.1599.101 Safari/537.36
    [COKKIE_WRITE_STATUS] => OK
    [COKKIE_WRITE_CONTENTS] => Array
        (
            [KEY] => agency_cd
            [VAL] => 3014
            [EXP] => Wed 29 Jan 2014 09:43:57 Asia/Tokyo
            [DOM] => pointy.jp
        )

    [get_headers] => 
    [REDIRECT_URL] => https://my.pointy.jp/myorder/OrderApply/addContractor
)

