2013-12-02 19:17:54 [INFO] 
Array
(
    [QUERY_STRING] => agency_cd=3014&r=https://my.pointy.jp/myorder/OrderApply/addContractor
    [HTTP_REFERER] => http://www.tv-tokyo.co.jp/pointy/
    [REMOTE_ADDR] => 112.138.13.159
    [HTTP_USER_AGENT] => Mozilla/5.0 (iPad; CPU OS 7_0_4 like Mac OS X) AppleWebKit/537.51.1 (KHTML, like Gecko) Version/7.0 Mobile/11B554a Safari/9537.53
    [COKKIE_WRITE_STATUS] => OK
    [COKKIE_WRITE_CONTENTS] => Array
        (
            [KEY] => agency_cd
            [VAL] => 3014
            [EXP] => Sun 02 Mar 2014 07:17:54 Asia/Tokyo
            [DOM] => pointy.jp
        )

    [get_headers] => 
    [REDIRECT_URL] => https://my.pointy.jp/myorder/OrderApply/addContractor
)

2013-12-03 22:39:39 [INFO] 
Array
(
    [QUERY_STRING] => agency_cd=3013&r=https://my.pointy.jp/myorder/OrderApply/addContractor
    [HTTP_REFERER] => http://www.lancers.jp/landingpage/pointy/pointy.html
    [REMOTE_ADDR] => 1.72.6.115
    [HTTP_USER_AGENT] => Mozilla/5.0 (Windows NT 6.0) AppleWebKit/537.36 (KHTML, like Gecko) Chrome/31.0.1650.57 Safari/537.36
    [COKKIE_SETTINGS] => agency_cd=3013
    [get_headers] => 
    [REDIRECT_URL] => https://my.pointy.jp/myorder/OrderApply/addContractor
)

2013-12-04 01:11:27 [INFO] 
Array
(
    [QUERY_STRING] => agency_cd=3014&r=https://my.pointy.jp/myorder/OrderApply/addContractor
    [REMOTE_ADDR] => 98.211.24.12
    [HTTP_USER_AGENT] => Mozilla/5.0 (iPod touch; CPU iPhone OS 7_0_4 like Mac OS X) AppleWebKit/537.51.1 (KHTML, like Gecko) Version/7.0 Mobile/11B554a Safari/9537.53
    [COKKIE_WRITE_STATUS] => OK
    [COKKIE_WRITE_CONTENTS] => Array
        (
            [KEY] => agency_cd
            [VAL] => 3014
            [EXP] => Tue 04 Mar 2014 01:11:27 Asia/Tokyo
            [DOM] => pointy.jp
        )

    [get_headers] => 
    [REDIRECT_URL] => https://my.pointy.jp/myorder/OrderApply/addContractor
)

2013-12-04 04:47:26 [INFO] 
Array
(
    [QUERY_STRING] => agency_cd=3014&r=https://my.pointy.jp/myorder/OrderApply/addContractor
    [HTTP_REFERER] => http://www.tv-tokyo.co.jp/pointy/
    [REMOTE_ADDR] => 58.145.165.111
    [HTTP_USER_AGENT] => Mozilla/5.0 (Macintosh; Intel Mac OS X 10.8; rv:25.0) Gecko/20100101 Firefox/25.0
    [COKKIE_WRITE_STATUS] => OK
    [COKKIE_WRITE_CONTENTS] => Array
        (
            [KEY] => agency_cd
            [VAL] => 3014
            [EXP] => Tue 04 Mar 2014 04:47:26 Asia/Tokyo
            [DOM] => pointy.jp
        )

    [get_headers] => 
    [REDIRECT_URL] => https://my.pointy.jp/myorder/OrderApply/addContractor
)

2013-12-10 17:05:19 [INFO] 
Array
(
    [QUERY_STRING] => agency_cd=3013&r=https://my.pointy.jp/myorder/OrderApply/addContractor
    [HTTP_REFERER] => http://www.lancers.jp/landingpage/pointy/pointy.html
    [REMOTE_ADDR] => 210.172.128.230
    [HTTP_USER_AGENT] => Mozilla/5.0 (Windows NT 6.1; rv:25.0) Gecko/20100101 Firefox/25.0
    [COKKIE_WRITE_STATUS] => OK
    [COKKIE_WRITE_CONTENTS] => Array
        (
            [KEY] => agency_cd
            [VAL] => 3013
            [EXP] => Mon 10 Mar 2014 05:05:19 Asia/Tokyo
            [DOM] => pointy.jp
        )

    [get_headers] => 
    [REDIRECT_URL] => https://my.pointy.jp/myorder/OrderApply/addContractor
)

2013-12-10 17:06:11 [INFO] 
Array
(
    [QUERY_STRING] => agency_cd=3013&r=https://my.pointy.jp/myorder/OrderApply/addContractor
    [HTTP_REFERER] => http://www.lancers.jp/landingpage/pointy/pointy.html
    [REMOTE_ADDR] => 210.172.128.230
    [HTTP_USER_AGENT] => Mozilla/5.0 (Windows NT 6.1; rv:25.0) Gecko/20100101 Firefox/25.0
    [COKKIE_SETTINGS] => agency_cd=3013
    [get_headers] => 
    [REDIRECT_URL] => https://my.pointy.jp/myorder/OrderApply/addContractor
)

2013-12-11 12:57:27 [INFO] 
Array
(
    [QUERY_STRING] => agency_cd=3013&r=https://my.pointy.jp/myorder/OrderApply/addContractor
    [HTTP_REFERER] => http://www.lancers.jp/landingpage/pointy/pointy.html
    [REMOTE_ADDR] => 220.110.139.200
    [HTTP_USER_AGENT] => Mozilla/5.0 (Macintosh; Intel Mac OS X 10_8_5) AppleWebKit/537.36 (KHTML, like Gecko) Chrome/31.0.1650.63 Safari/537.36
    [COKKIE_WRITE_STATUS] => OK
    [COKKIE_WRITE_CONTENTS] => Array
        (
            [KEY] => agency_cd
            [VAL] => 3013
            [EXP] => Tue 11 Mar 2014 12:57:27 Asia/Tokyo
            [DOM] => pointy.jp
        )

    [get_headers] => 
    [REDIRECT_URL] => https://my.pointy.jp/myorder/OrderApply/addContractor
)

2013-12-12 17:07:35 [INFO] 
Array
(
    [QUERY_STRING] => agency_cd=3013&r=https://my.pointy.jp/myorder/OrderApply/addContractor
    [HTTP_REFERER] => http://www.lancers.jp/landingpage/pointy/pointy.html
    [REMOTE_ADDR] => 180.46.212.48
    [HTTP_USER_AGENT] => Mozilla/4.0 (compatible; MSIE 8.0; Windows NT 5.1; Trident/4.0; GTB7.5; .NET CLR 1.1.4322; .NET CLR 2.0.50727; .NET CLR 3.0.4506.2152; .NET CLR 3.5.30729; .NET4.0C; YTB730; InfoPath.3)
    [COKKIE_WRITE_STATUS] => OK
    [COKKIE_WRITE_CONTENTS] => Array
        (
            [KEY] => agency_cd
            [VAL] => 3013
            [EXP] => Wed 12 Mar 2014 05:07:35 Asia/Tokyo
            [DOM] => pointy.jp
        )

    [get_headers] => 
    [REDIRECT_URL] => https://my.pointy.jp/myorder/OrderApply/addContractor
)

2013-12-16 11:21:58 [INFO] 
Array
(
    [QUERY_STRING] => agency_cd=3014&r=http://www.pointy.jp/point/
    [HTTP_REFERER] => http://www.tv-tokyo.co.jp/pointy/
    [REMOTE_ADDR] => 202.214.150.14
    [HTTP_USER_AGENT] => Mozilla/4.0 (compatible; MSIE 8.0; Windows NT 6.1; Trident/4.0; SLCC2; .NET CLR 2.0.50727; .NET CLR 3.5.30729; .NET CLR 3.0.30729; Media Center PC 6.0; .NET4.0C; .NET4.0E)
    [COKKIE_WRITE_STATUS] => OK
    [COKKIE_WRITE_CONTENTS] => Array
        (
            [KEY] => agency_cd
            [VAL] => 3014
            [EXP] => Sun 16 Mar 2014 11:21:58 Asia/Tokyo
            [DOM] => pointy.jp
        )

    [get_headers] => Array
        (
            [0] => HTTP/1.1 200 OK
            [1] => Date: Mon, 16 Dec 2013 02:21:58 GMT
            [2] => Server: Apache/2.2.15 (CentOS)
            [3] => Last-Modified: Fri, 13 Sep 2013 13:03:50 GMT
            [4] => ETag: "180156-308f-4e6437c579d5e"
            [5] => Accept-Ranges: bytes
            [6] => Content-Length: 12431
            [7] => Connection: close
            [8] => Content-Type: text/html; charset=nl
        )

    [REDIRECT_URL] => http://www.pointy.jp/point/
)

2013-12-22 18:43:30 [INFO] 
Array
(
    [QUERY_STRING] => agency_cd=3014&r=https://my.pointy.jp/myorder/OrderApply/addContractor
    [HTTP_REFERER] => http://www.tv-tokyo.co.jp/pointy/
    [REMOTE_ADDR] => 118.104.160.174
    [HTTP_USER_AGENT] => Mozilla/5.0 (Linux; U; Android 4.1.2; ja-jp; SC-05D Build/JZO54K) AppleWebKit/534.30 (KHTML, like Gecko) Version/4.0 Mobile Safari/534.30
    [COKKIE_WRITE_STATUS] => OK
    [COKKIE_WRITE_CONTENTS] => Array
        (
            [KEY] => agency_cd
            [VAL] => 3014
            [EXP] => Sat 22 Mar 2014 06:43:29 Asia/Tokyo
            [DOM] => pointy.jp
        )

    [get_headers] => 
    [REDIRECT_URL] => https://my.pointy.jp/myorder/OrderApply/addContractor
)

2013-12-23 21:42:11 [INFO] 
Array
(
    [QUERY_STRING] => agency_cd=3014&r=https://my.pointy.jp/myorder/OrderApply/addContractor
    [HTTP_REFERER] => http://www.tv-tokyo.co.jp/pointy/
    [REMOTE_ADDR] => 60.46.148.76
    [HTTP_USER_AGENT] => Mozilla/5.0 (Linux; Android 4.4.2; Nexus 7 Build/KOT49H) AppleWebKit/537.36 (KHTML, like Gecko) Version/4.0 Chrome/30.0.0.0 Safari/537.36
    [COKKIE_WRITE_STATUS] => OK
    [COKKIE_WRITE_CONTENTS] => Array
        (
            [KEY] => agency_cd
            [VAL] => 3014
            [EXP] => Sun 23 Mar 2014 09:42:11 Asia/Tokyo
            [DOM] => pointy.jp
        )

    [get_headers] => 
    [REDIRECT_URL] => https://my.pointy.jp/myorder/OrderApply/addContractor
)

2013-12-26 19:50:37 [INFO] 
Array
(
    [QUERY_STRING] => agency_cd=3013&r=https://my.pointy.jp/myorder/OrderApply/addContractor
    [HTTP_REFERER] => http://www.lancers.jp/landingpage/pointy/pointy.html
    [REMOTE_ADDR] => 118.243.206.230
    [HTTP_USER_AGENT] => Mozilla/5.0 (Windows NT 6.1; WOW64) AppleWebKit/537.36 (KHTML, like Gecko) Chrome/31.0.1650.63 Safari/537.36
    [COKKIE_WRITE_STATUS] => OK
    [COKKIE_WRITE_CONTENTS] => Array
        (
            [KEY] => agency_cd
            [VAL] => 3013
            [EXP] => Wed 26 Mar 2014 07:50:37 Asia/Tokyo
            [DOM] => pointy.jp
        )

    [get_headers] => 
    [REDIRECT_URL] => https://my.pointy.jp/myorder/OrderApply/addContractor
)

2013-12-27 07:43:30 [INFO] 
Array
(
    [QUERY_STRING] => agency_cd=3014&r=https://my.pointy.jp/myorder/OrderApply/addContractor
    [HTTP_REFERER] => http://www.tv-tokyo.co.jp/pointy/
    [REMOTE_ADDR] => 112.70.232.162
    [HTTP_USER_AGENT] => Mozilla/5.0 (Windows NT 6.1; WOW64) AppleWebKit/537.36 (KHTML, like Gecko) Chrome/27.0.1453.110 Safari/537.36
    [COKKIE_WRITE_STATUS] => OK
    [COKKIE_WRITE_CONTENTS] => Array
        (
            [KEY] => agency_cd
            [VAL] => 3014
            [EXP] => Thu 27 Mar 2014 07:43:30 Asia/Tokyo
            [DOM] => pointy.jp
        )

    [get_headers] => 
    [REDIRECT_URL] => https://my.pointy.jp/myorder/OrderApply/addContractor
)

2013-12-28 14:33:33 [INFO] 
Array
(
    [QUERY_STRING] => agency_cd=3014&r=https://my.pointy.jp/myorder/OrderApply/addContractor
    [HTTP_REFERER] => http://www.tv-tokyo.co.jp/pointy/
    [REMOTE_ADDR] => 219.120.58.34
    [HTTP_USER_AGENT] => Mozilla/5.0 (Windows NT 6.1) AppleWebKit/537.36 (KHTML, like Gecko) Chrome/31.0.1650.63 Safari/537.36
    [COKKIE_WRITE_STATUS] => OK
    [COKKIE_WRITE_CONTENTS] => Array
        (
            [KEY] => agency_cd
            [VAL] => 3014
            [EXP] => Fri 28 Mar 2014 02:33:33 Asia/Tokyo
            [DOM] => pointy.jp
        )

    [get_headers] => 
    [REDIRECT_URL] => https://my.pointy.jp/myorder/OrderApply/addContractor
)

2013-12-28 22:06:10 [INFO] 
Array
(
    [QUERY_STRING] => agency_cd=3014&r=https://my.pointy.jp/myorder/OrderApply/addContractor
    [HTTP_REFERER] => http://www.tv-tokyo.co.jp/pointy/
    [REMOTE_ADDR] => 1.115.193.246
    [HTTP_USER_AGENT] => Mozilla/5.0 (iPad; CPU OS 7_0_4 like Mac OS X) AppleWebKit/537.51.1 (KHTML, like Gecko) Version/7.0 Mobile/11B554a Safari/9537.53
    [COKKIE_SETTINGS] => agency_cd=3014
    [get_headers] => 
    [REDIRECT_URL] => https://my.pointy.jp/myorder/OrderApply/addContractor
)

2013-12-29 12:29:13 [INFO] 
Array
(
    [QUERY_STRING] => agency_cd=3014&r=https://my.pointy.jp/myorder/OrderApply/addContractor
    [HTTP_REFERER] => http://www.tv-tokyo.co.jp/pointy/
    [REMOTE_ADDR] => 182.167.85.210
    [HTTP_USER_AGENT] => Mozilla/5.0 (Windows NT 6.1; Trident/7.0; rv:11.0) like Gecko
    [COKKIE_WRITE_STATUS] => OK
    [COKKIE_WRITE_CONTENTS] => Array
        (
            [KEY] => agency_cd
            [VAL] => 3014
            [EXP] => Sat 29 Mar 2014 12:29:13 Asia/Tokyo
            [DOM] => pointy.jp
        )

    [get_headers] => 
    [REDIRECT_URL] => https://my.pointy.jp/myorder/OrderApply/addContractor
)

2013-12-31 12:33:48 [INFO] 
Array
(
    [QUERY_STRING] => agency_cd=3014&r=https://my.pointy.jp/myorder/OrderApply/addContractor
    [HTTP_REFERER] => http://www.tv-tokyo.co.jp/pointy/
    [REMOTE_ADDR] => 123.230.230.59
    [HTTP_USER_AGENT] => Mozilla/5.0 (Linux; U; Android 4.2.2; ja-jp; SonySO-04E Build/10.3.1.B.0.256) AppleWebKit/534.30 (KHTML, like Gecko) Version/4.0 Mobile Safari/534.30
    [COKKIE_WRITE_STATUS] => OK
    [COKKIE_WRITE_CONTENTS] => Array
        (
            [KEY] => agency_cd
            [VAL] => 3014
            [EXP] => Mon 31 Mar 2014 12:33:48 Asia/Tokyo
            [DOM] => pointy.jp
        )

    [get_headers] => 
    [REDIRECT_URL] => https://my.pointy.jp/myorder/OrderApply/addContractor
)

