2014-01-02 20:03:35 [INFO] 
Array
(
    [QUERY_STRING] => agency_cd=3014&r=https://my.pointy.jp/myorder/OrderApply/addContractor
    [HTTP_REFERER] => http://www.tv-tokyo.co.jp/pointy/
    [REMOTE_ADDR] => 182.251.19.93
    [HTTP_USER_AGENT] => Mozilla/5.0 (Linux; U; Android 4.0.4; ja-jp; FJL21 Build/V39R48C) AppleWebKit/534.30 (KHTML, like Gecko) Version/4.0 Mobile Safari/534.30
    [COKKIE_WRITE_STATUS] => OK
    [COKKIE_WRITE_CONTENTS] => Array
        (
            [KEY] => agency_cd
            [VAL] => 3014
            [EXP] => Wed 02 Apr 2014 08:03:35 Asia/Tokyo
            [DOM] => pointy.jp
        )

    [get_headers] => 
    [REDIRECT_URL] => https://my.pointy.jp/myorder/OrderApply/addContractor
)

2014-01-04 20:16:44 [INFO] 
Array
(
    [QUERY_STRING] => agency_cd=3014&r=http://www.pointy.jp/point/
    [HTTP_REFERER] => http://www.tv-tokyo.co.jp/pointy/
    [REMOTE_ADDR] => 219.106.154.19
    [HTTP_USER_AGENT] => Mozilla/5.0 (Windows NT 6.1; WOW64) AppleWebKit/537.36 (KHTML, like Gecko) Chrome/28.0.1500.95 Safari/537.36 Sleipnir/4.3.2
    [COKKIE_WRITE_STATUS] => OK
    [COKKIE_WRITE_CONTENTS] => Array
        (
            [KEY] => agency_cd
            [VAL] => 3014
            [EXP] => Fri 04 Apr 2014 08:16:44 Asia/Tokyo
            [DOM] => pointy.jp
        )

    [get_headers] => Array
        (
            [0] => HTTP/1.1 200 OK
            [1] => Date: Sat, 04 Jan 2014 11:16:44 GMT
            [2] => Server: Apache/2.2.15 (CentOS)
            [3] => Last-Modified: Thu, 26 Dec 2013 07:30:09 GMT
            [4] => ETag: "180156-3113-4ee6af27e92ad"
            [5] => Accept-Ranges: bytes
            [6] => Content-Length: 12563
            [7] => Connection: close
            [8] => Content-Type: text/html; charset=nl
        )

    [REDIRECT_URL] => http://www.pointy.jp/point/
)

2014-01-04 21:09:13 [INFO] 
Array
(
    [QUERY_STRING] => agency_cd=3014&r=https://my.pointy.jp/myorder/OrderApply/addContractor
    [HTTP_REFERER] => http://www.tv-tokyo.co.jp/pointy/
    [REMOTE_ADDR] => 61.45.208.137
    [HTTP_USER_AGENT] => Mozilla/5.0 (Windows NT 5.1) AppleWebKit/537.36 (KHTML, like Gecko) Chrome/31.0.1650.63 Safari/537.36
    [COKKIE_WRITE_STATUS] => OK
    [COKKIE_WRITE_CONTENTS] => Array
        (
            [KEY] => agency_cd
            [VAL] => 3014
            [EXP] => Fri 04 Apr 2014 09:09:13 Asia/Tokyo
            [DOM] => pointy.jp
        )

    [get_headers] => 
    [REDIRECT_URL] => https://my.pointy.jp/myorder/OrderApply/addContractor
)

2014-01-10 01:54:21 [INFO] 
Array
(
    [QUERY_STRING] => agency_cd=3014&r=https://my.pointy.jp/myorder/OrderApply/addContractor
    [HTTP_REFERER] => http://www.tv-tokyo.co.jp/pointy/
    [REMOTE_ADDR] => 82.145.211.90
    [HTTP_USER_AGENT] => Opera/9.80 (J2ME/MIDP; Opera Mini/4.2.18975/34.861; U; en) Presto/2.8.119 Version/11.10
    [COKKIE_WRITE_STATUS] => OK
    [COKKIE_WRITE_CONTENTS] => Array
        (
            [KEY] => agency_cd
            [VAL] => 3014
            [EXP] => Thu 10 Apr 2014 01:54:21 Asia/Tokyo
            [DOM] => pointy.jp
        )

    [get_headers] => 
    [REDIRECT_URL] => https://my.pointy.jp/myorder/OrderApply/addContractor
)

2014-01-13 16:00:47 [INFO] 
Array
(
    [QUERY_STRING] => agency_cd=3014&r=https://my.pointy.jp/myorder/OrderApply/addContractor
    [HTTP_REFERER] => http://www.tv-tokyo.co.jp/pointy/
    [REMOTE_ADDR] => 1.78.40.51
    [HTTP_USER_AGENT] => Mozilla/5.0 (Linux; U; Android 2.3.5; ja-jp; SH-02D Build/S1220) AppleWebKit/533.1 (KHTML, like Gecko) Version/4.0 Mobile Safari/533.1
    [COKKIE_WRITE_STATUS] => OK
    [COKKIE_WRITE_CONTENTS] => Array
        (
            [KEY] => agency_cd
            [VAL] => 3014
            [EXP] => Sun 13 Apr 2014 04:00:47 Asia/Tokyo
            [DOM] => pointy.jp
        )

    [get_headers] => 
    [REDIRECT_URL] => https://my.pointy.jp/myorder/OrderApply/addContractor
)

2014-01-13 19:07:55 [INFO] 
Array
(
    [QUERY_STRING] => agency_cd=3014&r=http://www.pointy.jp/point/
    [HTTP_REFERER] => http://www.tv-tokyo.co.jp/pointy/
    [REMOTE_ADDR] => 153.187.88.23
    [HTTP_USER_AGENT] => Mozilla/5.0 (Linux; Android 4.4.2; Nexus 5 Build/KOT49H) AppleWebKit/537.36 (KHTML, like Gecko) Chrome/31.0.1650.59 Mobile Safari/537.36
    [COKKIE_WRITE_STATUS] => OK
    [COKKIE_WRITE_CONTENTS] => Array
        (
            [KEY] => agency_cd
            [VAL] => 3014
            [EXP] => Sun 13 Apr 2014 07:07:55 Asia/Tokyo
            [DOM] => pointy.jp
        )

    [get_headers] => Array
        (
            [0] => HTTP/1.1 200 OK
            [1] => Date: Mon, 13 Jan 2014 10:07:55 GMT
            [2] => Server: Apache/2.2.15 (CentOS)
            [3] => Last-Modified: Mon, 06 Jan 2014 07:46:38 GMT
            [4] => ETag: "180156-315d-4ef4875b13186"
            [5] => Accept-Ranges: bytes
            [6] => Content-Length: 12637
            [7] => Connection: close
            [8] => Content-Type: text/html; charset=nl
        )

    [REDIRECT_URL] => http://www.pointy.jp/point/
)

2014-01-16 10:45:22 [INFO] 
Array
(
    [QUERY_STRING] => agency_cd=3013&r=https://my.pointy.jp/myorder/OrderApply/addContractor
    [HTTP_REFERER] => http://www.lancers.jp/landingpage/pointy/pointy.html
    [REMOTE_ADDR] => 183.77.213.196
    [HTTP_USER_AGENT] => Mozilla/5.0 (Windows NT 6.1; WOW64) AppleWebKit/537.36 (KHTML, like Gecko) Chrome/31.0.1650.63 Safari/537.36
    [COKKIE_WRITE_STATUS] => OK
    [COKKIE_WRITE_CONTENTS] => Array
        (
            [KEY] => agency_cd
            [VAL] => 3013
            [EXP] => Wed 16 Apr 2014 10:45:22 Asia/Tokyo
            [DOM] => pointy.jp
        )

    [get_headers] => 
    [REDIRECT_URL] => https://my.pointy.jp/myorder/OrderApply/addContractor
)

2014-01-17 14:32:47 [INFO] 
Array
(
    [QUERY_STRING] => agency_cd=3013&r=https://my.pointy.jp/myorder/OrderApply/addContractor
    [HTTP_REFERER] => http://www.lancers.jp/landingpage/pointy/pointy.html
    [REMOTE_ADDR] => 183.77.213.196
    [HTTP_USER_AGENT] => Mozilla/5.0 (Windows NT 6.1; WOW64) AppleWebKit/537.36 (KHTML, like Gecko) Chrome/32.0.1700.76 Safari/537.36
    [COKKIE_SETTINGS] => agency_cd=3013
    [get_headers] => 
    [REDIRECT_URL] => https://my.pointy.jp/myorder/OrderApply/addContractor
)

2014-01-17 18:44:25 [INFO] 
Array
(
    [QUERY_STRING] => agency_cd=3014&r=https://my.pointy.jp/myorder/OrderApply/addContractor
    [HTTP_REFERER] => http://www.tv-tokyo.co.jp/pointy/
    [REMOTE_ADDR] => 182.251.30.22
    [HTTP_USER_AGENT] => Mozilla/5.0 (Linux; Android 4.2.2; KYL22 Build/100.1.1f00) AppleWebKit/537.36 (KHTML, like Gecko) Chrome/28.0.1500.94 Mobile Safari/537.36
    [COKKIE_WRITE_STATUS] => OK
    [COKKIE_WRITE_CONTENTS] => Array
        (
            [KEY] => agency_cd
            [VAL] => 3014
            [EXP] => Thu 17 Apr 2014 06:44:25 Asia/Tokyo
            [DOM] => pointy.jp
        )

    [get_headers] => 
    [REDIRECT_URL] => https://my.pointy.jp/myorder/OrderApply/addContractor
)

2014-01-18 14:41:29 [INFO] 
Array
(
    [QUERY_STRING] => agency_cd=3014&r=https://my.pointy.jp/myorder/OrderApply/addContractor
    [HTTP_REFERER] => http://www.tv-tokyo.co.jp/pointy/
    [REMOTE_ADDR] => 220.148.171.151
    [HTTP_USER_AGENT] => Mozilla/5.0 (Windows NT 6.1; rv:26.0) Gecko/20100101 Firefox/26.0 BLNGBAR
    [COKKIE_WRITE_STATUS] => OK
    [COKKIE_WRITE_CONTENTS] => Array
        (
            [KEY] => agency_cd
            [VAL] => 3014
            [EXP] => Fri 18 Apr 2014 02:41:29 Asia/Tokyo
            [DOM] => pointy.jp
        )

    [get_headers] => 
    [REDIRECT_URL] => https://my.pointy.jp/myorder/OrderApply/addContractor
)

2014-01-19 12:58:05 [INFO] 
Array
(
    [QUERY_STRING] => agency_cd=3014&r=https://my.pointy.jp/myorder/OrderApply/addContractor
    [HTTP_REFERER] => http://www.tv-tokyo.co.jp/pointy/
    [REMOTE_ADDR] => 219.114.51.235
    [HTTP_USER_AGENT] => Mozilla/5.0 (Windows NT 6.1; WOW64; rv:26.0) Gecko/20100101 Firefox/26.0
    [COKKIE_WRITE_STATUS] => OK
    [COKKIE_WRITE_CONTENTS] => Array
        (
            [KEY] => agency_cd
            [VAL] => 3014
            [EXP] => Sat 19 Apr 2014 12:58:05 Asia/Tokyo
            [DOM] => pointy.jp
        )

    [get_headers] => 
    [REDIRECT_URL] => https://my.pointy.jp/myorder/OrderApply/addContractor
)

2014-01-19 12:58:07 [INFO] 
Array
(
    [QUERY_STRING] => agency_cd=3014&r=https://my.pointy.jp/myorder/OrderApply/addContractor
    [HTTP_REFERER] => http://www.tv-tokyo.co.jp/pointy/
    [REMOTE_ADDR] => 219.114.51.235
    [HTTP_USER_AGENT] => Mozilla/5.0 (Windows NT 6.1; WOW64; rv:26.0) Gecko/20100101 Firefox/26.0
    [COKKIE_SETTINGS] => agency_cd=3014
    [get_headers] => 
    [REDIRECT_URL] => https://my.pointy.jp/myorder/OrderApply/addContractor
)

2014-01-22 19:10:23 [INFO] 
Array
(
    [QUERY_STRING] => agency_cd=3014&r=https://my.pointy.jp/myorder/OrderApply/addContractor
    [HTTP_REFERER] => http://www.tv-tokyo.co.jp/pointy/
    [REMOTE_ADDR] => 126.204.11.63
    [HTTP_USER_AGENT] => Mozilla/5.0 (Linux; U; Android 4.2.2; ja-jp; SBM302SH Build/S0004) AppleWebKit/534.30 (KHTML, like Gecko) Version/4.0 Mobile Safari/534.30
    [COKKIE_WRITE_STATUS] => OK
    [COKKIE_WRITE_CONTENTS] => Array
        (
            [KEY] => agency_cd
            [VAL] => 3014
            [EXP] => Tue 22 Apr 2014 07:10:23 Asia/Tokyo
            [DOM] => pointy.jp
        )

    [get_headers] => 
    [REDIRECT_URL] => https://my.pointy.jp/myorder/OrderApply/addContractor
)

2014-01-24 15:21:44 [INFO] 
Array
(
    [QUERY_STRING] => agency_cd=3014&r=https://my.pointy.jp/myorder/OrderApply/addContractor
    [HTTP_REFERER] => http://www.tv-tokyo.co.jp/pointy/
    [REMOTE_ADDR] => 119.83.227.25
    [HTTP_USER_AGENT] => Mozilla/5.0 (iPad; CPU OS 5_0_1 like Mac OS X) AppleWebKit/534.46 (KHTML, like Gecko) Version/5.1 Mobile/9A405 Safari/7534.48.3
    [COKKIE_WRITE_STATUS] => OK
    [COKKIE_WRITE_CONTENTS] => Array
        (
            [KEY] => agency_cd
            [VAL] => 3014
            [EXP] => Thu 24 Apr 2014 03:21:44 Asia/Tokyo
            [DOM] => pointy.jp
        )

    [get_headers] => 
    [REDIRECT_URL] => https://my.pointy.jp/myorder/OrderApply/addContractor
)

2014-01-25 19:48:41 [INFO] 
Array
(
    [QUERY_STRING] => agency_cd=3014&r=https://my.pointy.jp/myorder/OrderApply/addContractor
    [HTTP_REFERER] => http://www.tv-tokyo.co.jp/pointy/
    [REMOTE_ADDR] => 114.17.103.37
    [HTTP_USER_AGENT] => Mozilla/5.0 (Macintosh; Intel Mac OS X 10_9_1) AppleWebKit/537.73.11 (KHTML, like Gecko) Version/7.0.1 Safari/537.73.11
    [COKKIE_WRITE_STATUS] => OK
    [COKKIE_WRITE_CONTENTS] => Array
        (
            [KEY] => agency_cd
            [VAL] => 3014
            [EXP] => Fri 25 Apr 2014 07:48:41 Asia/Tokyo
            [DOM] => pointy.jp
        )

    [get_headers] => 
    [REDIRECT_URL] => https://my.pointy.jp/myorder/OrderApply/addContractor
)

2014-01-27 06:43:34 [INFO] 
Array
(
    [QUERY_STRING] => agency_cd=3014&r=https://my.pointy.jp/myorder/OrderApply/addContractor
    [HTTP_REFERER] => http://www.tv-tokyo.co.jp/pointy/
    [REMOTE_ADDR] => 220.102.159.177
    [HTTP_USER_AGENT] => Mozilla/5.0 (Windows NT 6.3; WOW64) AppleWebKit/537.36 (KHTML, like Gecko) Chrome/32.0.1700.76 Safari/537.36
    [COKKIE_WRITE_STATUS] => OK
    [COKKIE_WRITE_CONTENTS] => Array
        (
            [KEY] => agency_cd
            [VAL] => 3014
            [EXP] => Sun 27 Apr 2014 06:43:34 Asia/Tokyo
            [DOM] => pointy.jp
        )

    [get_headers] => 
    [REDIRECT_URL] => https://my.pointy.jp/myorder/OrderApply/addContractor
)

2014-01-27 06:44:36 [INFO] 
Array
(
    [QUERY_STRING] => agency_cd=3014&r=https://my.pointy.jp/myorder/OrderApply/addContractor
    [HTTP_REFERER] => http://www.tv-tokyo.co.jp/pointy/
    [REMOTE_ADDR] => 220.102.159.177
    [HTTP_USER_AGENT] => Mozilla/5.0 (Windows NT 6.3; WOW64) AppleWebKit/537.36 (KHTML, like Gecko) Chrome/32.0.1700.76 Safari/537.36
    [COKKIE_SETTINGS] => agency_cd=3014
    [get_headers] => 
    [REDIRECT_URL] => https://my.pointy.jp/myorder/OrderApply/addContractor
)

2014-01-27 13:04:42 [INFO] 
Array
(
    [QUERY_STRING] => agency_cd=3013&r=https://my.pointy.jp/myorder/OrderApply/addContractor
    [HTTP_REFERER] => http://www.lancers.jp/landingpage/pointy/pointy.html
    [REMOTE_ADDR] => 183.77.213.196
    [HTTP_USER_AGENT] => Mozilla/5.0 (Windows NT 6.1; WOW64) AppleWebKit/537.36 (KHTML, like Gecko) Chrome/32.0.1700.76 Safari/537.36
    [COKKIE_WRITE_STATUS] => OK
    [COKKIE_WRITE_CONTENTS] => Array
        (
            [KEY] => agency_cd
            [VAL] => 3013
            [EXP] => Sun 27 Apr 2014 01:04:42 Asia/Tokyo
            [DOM] => pointy.jp
        )

    [get_headers] => 
    [REDIRECT_URL] => https://my.pointy.jp/myorder/OrderApply/addContractor
)

2014-01-27 13:05:27 [INFO] 
Array
(
    [QUERY_STRING] => agency_cd=3013&r=https://my.pointy.jp/myorder/OrderApply/addContractor
    [HTTP_REFERER] => http://www.lancers.jp/landingpage/pointy/pointy.html
    [REMOTE_ADDR] => 183.77.213.196
    [HTTP_USER_AGENT] => Mozilla/5.0 (Windows NT 6.1; WOW64) AppleWebKit/537.36 (KHTML, like Gecko) Chrome/32.0.1700.76 Safari/537.36
    [COKKIE_SETTINGS] => agency_cd=3013
    [get_headers] => 
    [REDIRECT_URL] => https://my.pointy.jp/myorder/OrderApply/addContractor
)

2014-01-27 14:42:48 [INFO] 
Array
(
    [QUERY_STRING] => agency_cd=3014&r=https://my.pointy.jp/myorder/OrderApply/addContractor
    [HTTP_REFERER] => http://www.tv-tokyo.co.jp/pointy/
    [REMOTE_ADDR] => 116.81.181.94
    [HTTP_USER_AGENT] => Mozilla/5.0 (Windows NT 5.1; rv:26.0) Gecko/20100101 Firefox/26.0 AlexaToolbar/amznf-3.0.20121130
    [COKKIE_WRITE_STATUS] => OK
    [COKKIE_WRITE_CONTENTS] => Array
        (
            [KEY] => agency_cd
            [VAL] => 3014
            [EXP] => Sun 27 Apr 2014 02:42:48 Asia/Tokyo
            [DOM] => pointy.jp
        )

    [get_headers] => 
    [REDIRECT_URL] => https://my.pointy.jp/myorder/OrderApply/addContractor
)

2014-01-30 11:47:41 [INFO] 
Array
(
    [QUERY_STRING] => agency_cd=3014&r=https://my.pointy.jp/myorder/OrderApply/addContractor
    [HTTP_REFERER] => http://www.tv-tokyo.co.jp/pointy/
    [REMOTE_ADDR] => 121.92.73.58
    [HTTP_USER_AGENT] => Mozilla/5.0 (Windows NT 6.1; WOW64; rv:26.0) Gecko/20100101 Firefox/26.0
    [COKKIE_WRITE_STATUS] => OK
    [COKKIE_WRITE_CONTENTS] => Array
        (
            [KEY] => agency_cd
            [VAL] => 3014
            [EXP] => Wed 30 Apr 2014 11:47:41 Asia/Tokyo
            [DOM] => pointy.jp
        )

    [get_headers] => 
    [REDIRECT_URL] => https://my.pointy.jp/myorder/OrderApply/addContractor
)

2014-01-30 19:02:02 [INFO] 
Array
(
    [QUERY_STRING] => agency_cd=3014&r=https://my.pointy.jp/myorder/OrderApply/addContractor
    [HTTP_REFERER] => http://www.tv-tokyo.co.jp/pointy/
    [REMOTE_ADDR] => 36.2.70.133
    [HTTP_USER_AGENT] => Mozilla/5.0 (Windows NT 6.3; WOW64; rv:26.0) Gecko/20100101 Firefox/26.0
    [COKKIE_WRITE_STATUS] => OK
    [COKKIE_WRITE_CONTENTS] => Array
        (
            [KEY] => agency_cd
            [VAL] => 3014
            [EXP] => Wed 30 Apr 2014 07:02:02 Asia/Tokyo
            [DOM] => pointy.jp
        )

    [get_headers] => 
    [REDIRECT_URL] => https://my.pointy.jp/myorder/OrderApply/addContractor
)

2014-01-30 23:45:54 [INFO] 
Array
(
    [QUERY_STRING] => agency_cd=3014&r=https://my.pointy.jp/myorder/OrderApply/addContractor
    [HTTP_REFERER] => http://www.tv-tokyo.co.jp/pointy/
    [REMOTE_ADDR] => 221.25.219.28
    [HTTP_USER_AGENT] => Mozilla/5.0 (compatible; MSIE 9.0; Windows NT 6.0; Trident/5.0)
    [COKKIE_WRITE_STATUS] => OK
    [COKKIE_WRITE_CONTENTS] => Array
        (
            [KEY] => agency_cd
            [VAL] => 3014
            [EXP] => Wed 30 Apr 2014 11:45:54 Asia/Tokyo
            [DOM] => pointy.jp
        )

    [get_headers] => 
    [REDIRECT_URL] => https://my.pointy.jp/myorder/OrderApply/addContractor
)

2014-01-31 10:34:09 [INFO] 
Array
(
    [QUERY_STRING] => agency_cd=3014&r=http://www.pointy.jp/point/
    [HTTP_REFERER] => http://www.tv-tokyo.co.jp/pointy/
    [REMOTE_ADDR] => 202.214.150.12
    [HTTP_USER_AGENT] => Mozilla/5.0 (Windows NT 5.1; rv:26.0) Gecko/20100101 Firefox/26.0
    [COKKIE_WRITE_STATUS] => OK
    [COKKIE_WRITE_CONTENTS] => Array
        (
            [KEY] => agency_cd
            [VAL] => 3014
            [EXP] => Thu 01 May 2014 10:34:09 Asia/Tokyo
            [DOM] => pointy.jp
        )

    [get_headers] => Array
        (
            [0] => HTTP/1.1 200 OK
            [1] => Date: Fri, 31 Jan 2014 01:34:09 GMT
            [2] => Server: Apache/2.2.15 (CentOS)
            [3] => Last-Modified: Mon, 06 Jan 2014 07:46:38 GMT
            [4] => ETag: "180156-315d-4ef4875b13186"
            [5] => Accept-Ranges: bytes
            [6] => Content-Length: 12637
            [7] => Connection: close
            [8] => Content-Type: text/html; charset=nl
        )

    [REDIRECT_URL] => http://www.pointy.jp/point/
)

2014-01-31 10:34:27 [INFO] 
Array
(
    [QUERY_STRING] => agency_cd=3014&r=https://my.pointy.jp/myorder/OrderApply/addContractor
    [HTTP_REFERER] => http://www.tv-tokyo.co.jp/pointy/
    [REMOTE_ADDR] => 210.133.104.12
    [HTTP_USER_AGENT] => Mozilla/5.0 (Windows NT 5.1; rv:26.0) Gecko/20100101 Firefox/26.0
    [COKKIE_SETTINGS] => agency_cd=3014
    [get_headers] => 
    [REDIRECT_URL] => https://my.pointy.jp/myorder/OrderApply/addContractor
)

